<?xml version="1.0" encoding="UTF-8"?>
<!-- Generated by org.testng.reporters.JUnitXMLReporter -->
<testsuite ignored="2" hostname="LAPTOP-P8997V13" failures="0" tests="12" name="allTestCases" time="16.297" errors="0" timestamp="2025-06-11T09:42:04 IST">
  <testcase classname="base.baseTest" name="@BeforeMethod initialization" time="0.0">
    <failure type="java.lang.NullPointerException" message="Cannot invoke &amp;quot;com.aventstack.extentreports.ExtentReports.createTest(String)&amp;quot; because &amp;quot;this.extent&amp;quot; is null">
      <![CDATA[java.lang.NullPointerException: Cannot invoke "com.aventstack.extentreports.ExtentReports.createTest(String)" because "this.extent" is null
at base.baseTest.initialization(baseTest.java:56)
at java.base/java.util.ArrayList.forEach(ArrayList.java:1511)
... Removed 31 stack frames]]>
    </failure>
  </testcase> <!-- @BeforeMethod initialization -->
  <testcase classname="base.baseTest" name="@AfterMethod onTestFailure" time="-1.749615123475E9">
    <skipped/>
  </testcase> <!-- @AfterMethod onTestFailure -->
  <testcase classname="base.baseTest" name="@BeforeMethod initialization" time="-1.749615123477E9">
    <skipped/>
  </testcase> <!-- @BeforeMethod initialization -->
  <testcase classname="base.baseTest" name="@AfterMethod onTestFailure" time="-1.749615123482E9">
    <skipped/>
  </testcase> <!-- @AfterMethod onTestFailure -->
  <testcase classname="base.baseTest" name="@BeforeMethod initialization" time="-1.749615123484E9">
    <skipped/>
  </testcase> <!-- @BeforeMethod initialization -->
  <testcase classname="base.baseTest" name="@AfterMethod onTestFailure" time="-1.74961512349E9">
    <skipped/>
  </testcase> <!-- @AfterMethod onTestFailure -->
  <testcase classname="base.baseTest" name="@BeforeMethod initialization" time="-1.749615123491E9">
    <skipped/>
  </testcase> <!-- @BeforeMethod initialization -->
  <testcase classname="base.baseTest" name="@AfterMethod onTestFailure" time="-1.749615123497E9">
    <skipped/>
  </testcase> <!-- @AfterMethod onTestFailure -->
  <testcase classname="base.baseTest" name="@BeforeMethod initialization" time="-1.749615123498E9">
    <skipped/>
  </testcase> <!-- @BeforeMethod initialization -->
  <testcase classname="base.baseTest" name="@AfterMethod onTestFailure" time="-1.749615123503E9">
    <skipped/>
  </testcase> <!-- @AfterMethod onTestFailure -->
  <testcase classname="base.baseTest" name="@BeforeMethod initialization" time="-1.749615123504E9">
    <skipped/>
  </testcase> <!-- @BeforeMethod initialization -->
  <testcase classname="base.baseTest" name="@AfterMethod onTestFailure" time="-1.749615123508E9">
    <skipped/>
  </testcase> <!-- @AfterMethod onTestFailure -->
  <testcase classname="base.baseTest" name="@BeforeMethod initialization" time="-1.749615123509E9">
    <skipped/>
  </testcase> <!-- @BeforeMethod initialization -->
  <testcase classname="base.baseTest" name="@AfterMethod onTestFailure" time="-1.749615123514E9">
    <skipped/>
  </testcase> <!-- @AfterMethod onTestFailure -->
  <testcase classname="base.baseTest" name="@BeforeMethod initialization" time="-1.749615123515E9">
    <skipped/>
  </testcase> <!-- @BeforeMethod initialization -->
  <testcase classname="base.baseTest" name="@AfterMethod onTestFailure" time="-1.749615123519E9">
    <skipped/>
  </testcase> <!-- @AfterMethod onTestFailure -->
  <testcase classname="base.baseTest" name="@BeforeMethod initialization" time="-1.74961512352E9">
    <skipped/>
  </testcase> <!-- @BeforeMethod initialization -->
  <testcase classname="base.baseTest" name="@AfterMethod onTestFailure" time="-1.749615123524E9">
    <skipped/>
  </testcase> <!-- @AfterMethod onTestFailure -->
  <testcase classname="base.baseTest" name="@BeforeMethod initialization" time="-1.749615123525E9">
    <skipped/>
  </testcase> <!-- @BeforeMethod initialization -->
  <testcase classname="base.baseTest" name="@AfterMethod onTestFailure" time="-1.749615123529E9">
    <skipped/>
  </testcase> <!-- @AfterMethod onTestFailure -->
  <testcase classname="base.baseTest" name="@BeforeMethod initialization" time="-1.74961512353E9">
    <skipped/>
  </testcase> <!-- @BeforeMethod initialization -->
  <testcase classname="base.baseTest" name="@AfterMethod onTestFailure" time="-1.749615123534E9">
    <skipped/>
  </testcase> <!-- @AfterMethod onTestFailure -->
  <testcase classname="TestCases.LoginTest" name="loginTestCase" time="0.63"/>
  <testcase classname="TestCases.NewCompany" name="addNewCompany" time="0.0">
    <skipped/>
  </testcase> <!-- addNewCompany -->
  <testcase classname="TestCases.NewCompany" name="addNewCompany" time="0.0">
    <skipped/>
  </testcase> <!-- addNewCompany -->
  <testcase classname="TestCases.NewCompany" name="addNewCompany" time="0.0">
    <skipped/>
  </testcase> <!-- addNewCompany -->
  <testcase classname="TestCases.NewCompany" name="addNewCompany" time="0.0">
    <skipped/>
  </testcase> <!-- addNewCompany -->
  <testcase classname="TestCases.NewCompany" name="addNewCompany" time="0.0">
    <skipped/>
  </testcase> <!-- addNewCompany -->
  <testcase classname="TestCases.NewCompany" name="addNewCompany" time="0.0">
    <skipped/>
  </testcase> <!-- addNewCompany -->
  <testcase classname="TestCases.NewCompany" name="addNewCompany" time="0.0">
    <skipped/>
  </testcase> <!-- addNewCompany -->
  <testcase classname="TestCases.NewCompany" name="addNewCompany" time="0.0">
    <skipped/>
  </testcase> <!-- addNewCompany -->
  <testcase classname="TestCases.NewCompany" name="addNewCompany" time="0.0">
    <skipped/>
  </testcase> <!-- addNewCompany -->
  <testcase classname="TestCases.NewCompany" name="addNewCompany" time="0.0">
    <skipped/>
  </testcase> <!-- addNewCompany -->
  <testcase classname="TestCases.NewCompany" name="addNewCompany" time="0.0">
    <skipped/>
  </testcase> <!-- addNewCompany -->
  <testcase classname="base.baseTest" name="@AfterTest onFinish" time="0.0">
    <ignored/>
  </testcase> <!-- @AfterTest onFinish -->
  <testcase classname="base.baseTest" name="@BeforeTest extentReportMethod" time="0.0">
    <ignored/>
  </testcase> <!-- @BeforeTest extentReportMethod -->
</testsuite> <!-- allTestCases -->
