<?xml version="1.0" encoding="UTF-8"?>
<!-- Generated by org.testng.reporters.JUnitXMLReporter -->
<testsuite ignored="0" hostname="LAPTOP-P8997V13" failures="1" tests="2" name="chromeTestLogin" time="29.173" errors="0" timestamp="2025-06-27T10:04:22 IST">
  <testcase classname="TestCases.LoginTest" name="loginTestCase" time="0.013">
    <skipped/>
  </testcase> <!-- loginTestCase -->
  <testcase classname="TestCases.LoginTest" name="loginTestCase" time="0.003">
    <failure type="java.lang.NullPointerException" message="Cannot invoke &amp;quot;com.aventstack.extentreports.ExtentReports.createTest(String)&amp;quot; because &amp;quot;utills.suiteListener.extent&amp;quot; is null">
      <![CDATA[java.lang.NullPointerException: Cannot invoke "com.aventstack.extentreports.ExtentReports.createTest(String)" because "utills.suiteListener.extent" is null
at utills.suiteListener.onTestStart(suiteListener.java:57)
at java.base/java.util.ArrayList.forEach(ArrayList.java:1511)
... Removed 24 stack frames]]>
    </failure>
  </testcase> <!-- loginTestCase -->
</testsuite> <!-- chromeTestLogin -->
