<?xml version="1.0" encoding="UTF-8"?>
<!-- Generated by org.testng.reporters.JUnitXMLReporter -->
<testsuite ignored="0" hostname="LAPTOP-P8997V13" failures="1" tests="2" name="deleteAllCompanies" time="21.904" errors="0" timestamp="2026-01-14T13:15:33 IST">
  <testcase classname="com.CogmentoCRM.TestCases.companies.deleteAllCompanies" name="deleteAllCompaniesDetails" time="4.428">
    <skipped/>
  </testcase> <!-- deleteAllCompaniesDetails -->
  <testcase classname="com.CogmentoCRM.TestCases.companies.deleteAllCompanies" name="deleteAllCompaniesDetails" time="4.316">
    <failure type="java.lang.NullPointerException" message="Cannot invoke &amp;quot;com.CogmentoCRM.utills.commonlib.moveToElementAndClick(org.openqa.selenium.WebDriver, org.openqa.selenium.WebElement)&amp;quot; because &amp;quot;this.clb&amp;quot; is null">
      <![CDATA[java.lang.NullPointerException: Cannot invoke "com.CogmentoCRM.utills.commonlib.moveToElementAndClick(org.openqa.selenium.WebDriver, org.openqa.selenium.WebElement)" because "this.clb" is null
at com.CogmentoCRM.TestCases.companies.deleteAllCompanies.deleteAllCompaniesDetails(deleteAllCompanies.java:37)
at java.base/java.util.ArrayList.forEach(ArrayList.java:1511)
... Removed 27 stack frames]]>
    </failure>
  </testcase> <!-- deleteAllCompaniesDetails -->
</testsuite> <!-- deleteAllCompanies -->
