<?xml version="1.0" encoding="UTF-8"?>
<!-- Generated by org.testng.reporters.JUnitXMLReporter -->
<testsuite ignored="0" hostname="LAPTOP-P8997V13" failures="2" tests="3" name="deleteCompaniesNamesTest" time="0.116" errors="0" timestamp="2025-06-27T10:03:23 IST">
  <testcase classname="TestCases.deleteCompaniesNamesTest" name="deleteCompaniesNames" time="0.025">
    <skipped/>
  </testcase> <!-- deleteCompaniesNames -->
  <testcase classname="TestCases.deleteCompaniesNamesTest" name="deleteCompaniesNames" time="0.001">
    <failure type="java.lang.NullPointerException" message="Cannot invoke &amp;quot;com.aventstack.extentreports.ExtentReports.createTest(String)&amp;quot; because &amp;quot;utills.suiteListener.extent&amp;quot; is null">
      <![CDATA[java.lang.NullPointerException: Cannot invoke "com.aventstack.extentreports.ExtentReports.createTest(String)" because "utills.suiteListener.extent" is null
at utills.suiteListener.onTestStart(suiteListener.java:57)
at java.base/java.util.ArrayList.forEach(ArrayList.java:1511)
... Removed 24 stack frames]]>
    </failure>
  </testcase> <!-- deleteCompaniesNames -->
  <testcase classname="TestCases.deleteCompaniesNamesTest" name="deleteCompaniesNames" time="0.068">
    <failure type="java.lang.NullPointerException" message="Cannot invoke &amp;quot;org.openqa.selenium.TakesScreenshot.getScreenshotAs(org.openqa.selenium.OutputType)&amp;quot; because &amp;quot;base.baseTest.driver&amp;quot; is null">
      <![CDATA[java.lang.NullPointerException: Cannot invoke "org.openqa.selenium.TakesScreenshot.getScreenshotAs(org.openqa.selenium.OutputType)" because "base.baseTest.driver" is null
at utills.suiteListener.onTestFailure(suiteListener.java:32)
at java.base/java.util.ArrayList.forEach(ArrayList.java:1511)
... Removed 24 stack frames]]>
    </failure>
  </testcase> <!-- deleteCompaniesNames -->
</testsuite> <!-- deleteCompaniesNamesTest -->
