<?xml version="1.0" encoding="UTF-8"?>
<!-- Generated by org.testng.reporters.JUnitXMLReporter -->
<testsuite ignored="0" hostname="LAPTOP-P8997V13" failures="0" tests="1" name="LoginTestInOpera" time="1.239" errors="0" timestamp="2025-06-02T19:02:54 IST">
  <testcase classname="base.baseTest" name="@BeforeMethod initialization" time="0.547">
    <failure type="java.lang.NoClassDefFoundError" message="org/openqa/selenium/interactions/Mouse">
      <![CDATA[java.lang.NoClassDefFoundError: org/openqa/selenium/interactions/Mouse
at base.baseTest.setupDriver(baseTest.java:100)
at base.baseTest.initialization(baseTest.java:57)
at java.base/java.util.ArrayList.forEach(ArrayList.java:1511)
at java.base/java.util.concurrent.FutureTask.run(FutureTask.java:264)
at java.base/java.util.concurrent.ThreadPoolExecutor.runWorker(ThreadPoolExecutor.java:1136)
at java.base/java.util.concurrent.ThreadPoolExecutor$Worker.run(ThreadPoolExecutor.java:635)
at java.base/java.lang.Thread.run(Thread.java:840)
Caused by: java.lang.ClassNotFoundException: org.openqa.selenium.interactions.Mouse
at java.base/jdk.internal.loader.BuiltinClassLoader.loadClass(BuiltinClassLoader.java:641)
at java.base/jdk.internal.loader.ClassLoaders$AppClassLoader.loadClass(ClassLoaders.java:188)
at java.base/java.lang.ClassLoader.loadClass(ClassLoader.java:525)
... 29 more
... Removed 22 stack frames]]>
    </failure>
  </testcase> <!-- @BeforeMethod initialization -->
  <testcase classname="base.baseTest" name="@AfterMethod onTestFailure" time="-1.748871173972E9">
    <skipped/>
  </testcase> <!-- @AfterMethod onTestFailure -->
  <testcase classname="TestCases.LoginTest" name="loginTestCase" time="0.0">
    <skipped/>
  </testcase> <!-- loginTestCase -->
</testsuite> <!-- LoginTestInOpera -->
