<?xml version="1.0" encoding="UTF-8"?>
<!-- Generated by org.testng.reporters.JUnitXMLReporter -->
<testsuite ignored="0" hostname="LAPTOP-P8997V13" failures="0" tests="11" name="NewCompanyTest" time="524.845" errors="0" timestamp="2025-06-11T09:38:04 IST">
  <testcase classname="TestCases.NewCompany" name="addNewCompany" time="17.395"/>
  <testcase classname="TestCases.NewCompany" name="addNewCompany" time="17.358"/>
  <testcase classname="TestCases.NewCompany" name="addNewCompany" time="17.753"/>
  <testcase classname="TestCases.NewCompany" name="addNewCompany" time="18.419"/>
  <testcase classname="TestCases.NewCompany" name="addNewCompany" time="19.354"/>
  <testcase classname="TestCases.NewCompany" name="addNewCompany" time="17.804"/>
  <testcase classname="TestCases.NewCompany" name="addNewCompany" time="17.595"/>
  <testcase classname="TestCases.NewCompany" name="addNewCompany" time="17.347"/>
  <testcase classname="TestCases.NewCompany" name="addNewCompany" time="17.59"/>
  <testcase classname="TestCases.NewCompany" name="addNewCompany" time="17.677"/>
  <testcase classname="TestCases.NewCompany" name="addNewCompany" time="17.595"/>
</testsuite> <!-- NewCompanyTest -->
