<?xml version="1.0" encoding="UTF-8"?>
<!-- Generated by org.testng.reporters.JUnitXMLReporter -->
<testsuite ignored="0" hostname="LAPTOP-P8997V13" failures="0" tests="11" name="NewCompanyTest" time="196.031" errors="0" timestamp="2025-06-03T12:48:49 IST">
  <testcase classname="TestCases.NewCompany" name="addNewCompany" time="8.928"/>
  <testcase classname="TestCases.NewCompany" name="addNewCompany" time="8.383"/>
  <testcase classname="TestCases.NewCompany" name="addNewCompany" time="8.363"/>
  <testcase classname="TestCases.NewCompany" name="addNewCompany" time="8.92"/>
  <testcase classname="TestCases.NewCompany" name="addNewCompany" time="8.716"/>
  <testcase classname="TestCases.NewCompany" name="addNewCompany" time="9.204"/>
  <testcase classname="TestCases.NewCompany" name="addNewCompany" time="8.756"/>
  <testcase classname="TestCases.NewCompany" name="addNewCompany" time="9.326"/>
  <testcase classname="TestCases.NewCompany" name="addNewCompany" time="8.185"/>
  <testcase classname="TestCases.NewCompany" name="addNewCompany" time="8.373"/>
  <testcase classname="TestCases.NewCompany" name="addNewCompany" time="8.343"/>
</testsuite> <!-- NewCompanyTest -->
