<?xml version="1.0" encoding="UTF-8"?>
<!-- Generated by org.testng.reporters.JUnitXMLReporter -->
<testsuite ignored="0" hostname="LAPTOP-P8997V13" failures="11" tests="22" name="newCompanyNameDetails2" time="1278.375" errors="0" timestamp="2025-06-09T14:42:32 IST">
  <testcase classname="TestCases.newCompanyNameDetails2" name="newCompanyNameDetailsTest" time="8.716">
    <skipped/>
  </testcase> <!-- newCompanyNameDetailsTest -->
  <testcase classname="TestCases.newCompanyNameDetails2" name="newCompanyNameDetailsTest" time="7.574">
    <failure type="java.lang.AssertionError" message="company name is not  matching expected [LTI] but found [Create new Company]">
      <![CDATA[java.lang.AssertionError: company name is not  matching expected [LTI] but found [Create new Company]
at TestCases.newCompanyNameDetails2.newCompanyNameDetailsTest(newCompanyNameDetails2.java:61)
at java.base/java.util.ArrayList.forEach(ArrayList.java:1511)
... Removed 32 stack frames]]>
    </failure>
  </testcase> <!-- newCompanyNameDetailsTest -->
  <testcase classname="TestCases.newCompanyNameDetails2" name="newCompanyNameDetailsTest" time="7.219">
    <skipped/>
  </testcase> <!-- newCompanyNameDetailsTest -->
  <testcase classname="TestCases.newCompanyNameDetails2" name="newCompanyNameDetailsTest" time="7.766">
    <failure type="java.lang.AssertionError" message="company name is not  matching expected [infosys] but found [Create new Company]">
      <![CDATA[java.lang.AssertionError: company name is not  matching expected [infosys] but found [Create new Company]
at TestCases.newCompanyNameDetails2.newCompanyNameDetailsTest(newCompanyNameDetails2.java:61)
at java.base/java.util.ArrayList.forEach(ArrayList.java:1511)
... Removed 32 stack frames]]>
    </failure>
  </testcase> <!-- newCompanyNameDetailsTest -->
  <testcase classname="TestCases.newCompanyNameDetails2" name="newCompanyNameDetailsTest" time="7.21">
    <skipped/>
  </testcase> <!-- newCompanyNameDetailsTest -->
  <testcase classname="TestCases.newCompanyNameDetails2" name="newCompanyNameDetailsTest" time="7.738">
    <failure type="java.lang.AssertionError" message="company name is not  matching expected [tcs] but found [Create new Company]">
      <![CDATA[java.lang.AssertionError: company name is not  matching expected [tcs] but found [Create new Company]
at TestCases.newCompanyNameDetails2.newCompanyNameDetailsTest(newCompanyNameDetails2.java:61)
at java.base/java.util.ArrayList.forEach(ArrayList.java:1511)
... Removed 32 stack frames]]>
    </failure>
  </testcase> <!-- newCompanyNameDetailsTest -->
  <testcase classname="TestCases.newCompanyNameDetails2" name="newCompanyNameDetailsTest" time="8.446">
    <skipped/>
  </testcase> <!-- newCompanyNameDetailsTest -->
  <testcase classname="TestCases.newCompanyNameDetails2" name="newCompanyNameDetailsTest" time="7.622">
    <failure type="java.lang.AssertionError" message="company name is not  matching expected [wipro] but found [Create new Company]">
      <![CDATA[java.lang.AssertionError: company name is not  matching expected [wipro] but found [Create new Company]
at TestCases.newCompanyNameDetails2.newCompanyNameDetailsTest(newCompanyNameDetails2.java:61)
at java.base/java.util.ArrayList.forEach(ArrayList.java:1511)
... Removed 32 stack frames]]>
    </failure>
  </testcase> <!-- newCompanyNameDetailsTest -->
  <testcase classname="TestCases.newCompanyNameDetails2" name="newCompanyNameDetailsTest" time="8.852">
    <skipped/>
  </testcase> <!-- newCompanyNameDetailsTest -->
  <testcase classname="TestCases.newCompanyNameDetails2" name="newCompanyNameDetailsTest" time="8.002">
    <failure type="java.lang.AssertionError" message="company name is not  matching expected [capgemini] but found [Create new Company]">
      <![CDATA[java.lang.AssertionError: company name is not  matching expected [capgemini] but found [Create new Company]
at TestCases.newCompanyNameDetails2.newCompanyNameDetailsTest(newCompanyNameDetails2.java:61)
at java.base/java.util.ArrayList.forEach(ArrayList.java:1511)
... Removed 32 stack frames]]>
    </failure>
  </testcase> <!-- newCompanyNameDetailsTest -->
  <testcase classname="TestCases.newCompanyNameDetails2" name="newCompanyNameDetailsTest" time="7.965">
    <skipped/>
  </testcase> <!-- newCompanyNameDetailsTest -->
  <testcase classname="TestCases.newCompanyNameDetails2" name="newCompanyNameDetailsTest" time="8.788">
    <failure type="java.lang.AssertionError" message="company name is not  matching expected [flipkart] but found [Create new Company]">
      <![CDATA[java.lang.AssertionError: company name is not  matching expected [flipkart] but found [Create new Company]
at TestCases.newCompanyNameDetails2.newCompanyNameDetailsTest(newCompanyNameDetails2.java:61)
at java.base/java.util.ArrayList.forEach(ArrayList.java:1511)
... Removed 32 stack frames]]>
    </failure>
  </testcase> <!-- newCompanyNameDetailsTest -->
  <testcase classname="TestCases.newCompanyNameDetails2" name="newCompanyNameDetailsTest" time="7.449">
    <skipped/>
  </testcase> <!-- newCompanyNameDetailsTest -->
  <testcase classname="TestCases.newCompanyNameDetails2" name="newCompanyNameDetailsTest" time="7.443">
    <failure type="java.lang.AssertionError" message="company name is not  matching expected [amazon] but found [Create new Company]">
      <![CDATA[java.lang.AssertionError: company name is not  matching expected [amazon] but found [Create new Company]
at TestCases.newCompanyNameDetails2.newCompanyNameDetailsTest(newCompanyNameDetails2.java:61)
at java.base/java.util.ArrayList.forEach(ArrayList.java:1511)
... Removed 32 stack frames]]>
    </failure>
  </testcase> <!-- newCompanyNameDetailsTest -->
  <testcase classname="TestCases.newCompanyNameDetails2" name="newCompanyNameDetailsTest" time="7.757">
    <skipped/>
  </testcase> <!-- newCompanyNameDetailsTest -->
  <testcase classname="TestCases.newCompanyNameDetails2" name="newCompanyNameDetailsTest" time="7.644">
    <failure type="java.lang.AssertionError" message="company name is not  matching expected [alibaba] but found [Create new Company]">
      <![CDATA[java.lang.AssertionError: company name is not  matching expected [alibaba] but found [Create new Company]
at TestCases.newCompanyNameDetails2.newCompanyNameDetailsTest(newCompanyNameDetails2.java:61)
at java.base/java.util.ArrayList.forEach(ArrayList.java:1511)
... Removed 32 stack frames]]>
    </failure>
  </testcase> <!-- newCompanyNameDetailsTest -->
  <testcase classname="TestCases.newCompanyNameDetails2" name="newCompanyNameDetailsTest" time="8.104">
    <skipped/>
  </testcase> <!-- newCompanyNameDetailsTest -->
  <testcase classname="TestCases.newCompanyNameDetails2" name="newCompanyNameDetailsTest" time="6.946">
    <failure type="java.lang.AssertionError" message="company name is not  matching expected [ebay] but found [Create new Company]">
      <![CDATA[java.lang.AssertionError: company name is not  matching expected [ebay] but found [Create new Company]
at TestCases.newCompanyNameDetails2.newCompanyNameDetailsTest(newCompanyNameDetails2.java:61)
at java.base/java.util.ArrayList.forEach(ArrayList.java:1511)
... Removed 31 stack frames]]>
    </failure>
  </testcase> <!-- newCompanyNameDetailsTest -->
  <testcase classname="TestCases.newCompanyNameDetails2" name="newCompanyNameDetailsTest" time="8.486">
    <skipped/>
  </testcase> <!-- newCompanyNameDetailsTest -->
  <testcase classname="TestCases.newCompanyNameDetails2" name="newCompanyNameDetailsTest" time="8.856">
    <failure type="java.lang.AssertionError" message="company name is not  matching expected [google] but found [Create new Company]">
      <![CDATA[java.lang.AssertionError: company name is not  matching expected [google] but found [Create new Company]
at TestCases.newCompanyNameDetails2.newCompanyNameDetailsTest(newCompanyNameDetails2.java:61)
at java.base/java.util.ArrayList.forEach(ArrayList.java:1511)
... Removed 31 stack frames]]>
    </failure>
  </testcase> <!-- newCompanyNameDetailsTest -->
  <testcase classname="TestCases.newCompanyNameDetails2" name="newCompanyNameDetailsTest" time="8.769">
    <skipped/>
  </testcase> <!-- newCompanyNameDetailsTest -->
  <testcase classname="TestCases.newCompanyNameDetails2" name="newCompanyNameDetailsTest" time="7.819">
    <failure type="java.lang.AssertionError" message="company name is not  matching expected [microsoft] but found [Create new Company]">
      <![CDATA[java.lang.AssertionError: company name is not  matching expected [microsoft] but found [Create new Company]
at TestCases.newCompanyNameDetails2.newCompanyNameDetailsTest(newCompanyNameDetails2.java:61)
at java.base/java.util.ArrayList.forEach(ArrayList.java:1511)
... Removed 31 stack frames]]>
    </failure>
  </testcase> <!-- newCompanyNameDetailsTest -->
</testsuite> <!-- newCompanyNameDetails2 -->
