<?xml version="1.0" encoding="UTF-8"?>
<testng-results retried="1" ignored="0" total="2" passed="0" failed="1" skipped="0">
  <reporter-output>
  </reporter-output>
  <suite started-at="2026-01-14T13:15:11 IST" name="Suite" finished-at="2026-01-14T13:15:33 IST" duration-ms="21904">
    <groups>
    </groups>
    <test started-at="2026-01-14T13:15:11 IST" name="deleteAllCompanies" finished-at="2026-01-14T13:15:33 IST" duration-ms="21904">
      <class name="com.CogmentoCRM.TestCases.companies.deleteAllCompanies">
        <test-method is-config="true" signature="extentReportMethod()[pri:0, instance:com.CogmentoCRM.TestCases.companies.deleteAllCompanies@359df09a]" started-at="2026-01-14T13:15:11 IST" name="extentReportMethod" finished-at="2026-01-14T13:15:12 IST" duration-ms="485" status="PASS">
          <reporter-output>
          </reporter-output>
        </test-method> <!-- extentReportMethod -->
        <test-method is-config="true" signature="initialization(java.lang.String,java.lang.reflect.Method)[pri:0, instance:com.CogmentoCRM.TestCases.companies.deleteAllCompanies@359df09a]" started-at="2026-01-14T13:15:12 IST" name="initialization" finished-at="2026-01-14T13:15:19 IST" duration-ms="7056" status="PASS">
          <params>
            <param index="0">
              <value>
                <![CDATA[chrome]]>
              </value>
            </param>
            <param index="1">
              <value>
                <![CDATA[public void com.CogmentoCRM.TestCases.companies.deleteAllCompanies.deleteAllCompaniesDetails() throws java.lang.Throwable]]>
              </value>
            </param>
          </params>
          <reporter-output>
          </reporter-output>
        </test-method> <!-- initialization -->
        <test-method retried="true" signature="deleteAllCompaniesDetails()[pri:0, instance:com.CogmentoCRM.TestCases.companies.deleteAllCompanies@359df09a]" started-at="2026-01-14T13:15:19 IST" name="deleteAllCompaniesDetails" finished-at="2026-01-14T13:15:23 IST" duration-ms="4428" status="SKIP">
          <exception class="java.lang.NullPointerException">
            <message>
              <![CDATA[Cannot invoke "com.CogmentoCRM.utills.commonlib.moveToElementAndClick(org.openqa.selenium.WebDriver, org.openqa.selenium.WebElement)" because "this.clb" is null]]>
            </message>
            <full-stacktrace>
              <![CDATA[java.lang.NullPointerException: Cannot invoke "com.CogmentoCRM.utills.commonlib.moveToElementAndClick(org.openqa.selenium.WebDriver, org.openqa.selenium.WebElement)" because "this.clb" is null
at com.CogmentoCRM.TestCases.companies.deleteAllCompanies.deleteAllCompaniesDetails(deleteAllCompanies.java:37)
at java.base/jdk.internal.reflect.NativeMethodAccessorImpl.invoke0(Native Method)
at java.base/jdk.internal.reflect.NativeMethodAccessorImpl.invoke(NativeMethodAccessorImpl.java:77)
at java.base/jdk.internal.reflect.DelegatingMethodAccessorImpl.invoke(DelegatingMethodAccessorImpl.java:43)
at java.base/java.lang.reflect.Method.invoke(Method.java:568)
at org.testng.internal.invokers.MethodInvocationHelper.invokeMethod(MethodInvocationHelper.java:141)
at org.testng.internal.invokers.TestInvoker.invokeMethod(TestInvoker.java:687)
at org.testng.internal.invokers.TestInvoker.invokeTestMethod(TestInvoker.java:230)
at org.testng.internal.invokers.MethodRunner.runInSequence(MethodRunner.java:63)
at org.testng.internal.invokers.TestInvoker$MethodInvocationAgent.invoke(TestInvoker.java:995)
at org.testng.internal.invokers.TestInvoker.invokeTestMethods(TestInvoker.java:203)
at org.testng.internal.invokers.TestMethodWorker.invokeTestMethods(TestMethodWorker.java:154)
at org.testng.internal.invokers.TestMethodWorker.run(TestMethodWorker.java:134)
at java.base/java.util.ArrayList.forEach(ArrayList.java:1511)
at org.testng.TestRunner.privateRun(TestRunner.java:741)
at org.testng.TestRunner.run(TestRunner.java:616)
at org.testng.SuiteRunner.runTest(SuiteRunner.java:421)
at org.testng.SuiteRunner.runSequentially(SuiteRunner.java:413)
at org.testng.SuiteRunner.privateRun(SuiteRunner.java:373)
at org.testng.SuiteRunner.run(SuiteRunner.java:312)
at org.testng.SuiteRunnerWorker.runSuite(SuiteRunnerWorker.java:52)
at org.testng.SuiteRunnerWorker.run(SuiteRunnerWorker.java:95)
at org.testng.TestNG.runSuitesSequentially(TestNG.java:1274)
at org.testng.TestNG.runSuitesLocally(TestNG.java:1208)
at org.testng.TestNG.runSuites(TestNG.java:1112)
at org.testng.TestNG.run(TestNG.java:1079)
at org.testng.remote.AbstractRemoteTestNG.run(AbstractRemoteTestNG.java:115)
at org.testng.remote.RemoteTestNG.initAndRun(RemoteTestNG.java:293)
at org.testng.remote.RemoteTestNG.main(RemoteTestNG.java:91)
]]>
            </full-stacktrace>
          </exception> <!-- java.lang.NullPointerException -->
          <reporter-output>
          </reporter-output>
        </test-method> <!-- deleteAllCompaniesDetails -->
        <test-method is-config="true" signature="onTestFailure(org.testng.ITestResult)[pri:0, instance:com.CogmentoCRM.TestCases.companies.deleteAllCompanies@359df09a]" started-at="2026-01-14T13:15:23 IST" name="onTestFailure" finished-at="2026-01-14T13:15:23 IST" duration-ms="352" status="PASS">
          <params>
            <param index="0">
              <value>
                <![CDATA[[TestResult name=deleteAllCompaniesDetails status=SKIP method=deleteAllCompanies.deleteAllCompaniesDetails()[pri:0, instance:com.CogmentoCRM.TestCases.companies.deleteAllCompanies@359df09a] output={null}]]]>
              </value>
            </param>
          </params>
          <reporter-output>
          </reporter-output>
        </test-method> <!-- onTestFailure -->
        <test-method is-config="true" signature="initialization(java.lang.String,java.lang.reflect.Method)[pri:0, instance:com.CogmentoCRM.TestCases.companies.deleteAllCompanies@359df09a]" started-at="2026-01-14T13:15:23 IST" name="initialization" finished-at="2026-01-14T13:15:28 IST" duration-ms="4746" status="PASS">
          <params>
            <param index="0">
              <value>
                <![CDATA[chrome]]>
              </value>
            </param>
            <param index="1">
              <value>
                <![CDATA[public void com.CogmentoCRM.TestCases.companies.deleteAllCompanies.deleteAllCompaniesDetails() throws java.lang.Throwable]]>
              </value>
            </param>
          </params>
          <reporter-output>
          </reporter-output>
        </test-method> <!-- initialization -->
        <test-method signature="deleteAllCompaniesDetails()[pri:0, instance:com.CogmentoCRM.TestCases.companies.deleteAllCompanies@359df09a]" started-at="2026-01-14T13:15:28 IST" name="deleteAllCompaniesDetails" finished-at="2026-01-14T13:15:33 IST" duration-ms="4316" status="FAIL">
          <exception class="java.lang.NullPointerException">
            <message>
              <![CDATA[Cannot invoke "com.CogmentoCRM.utills.commonlib.moveToElementAndClick(org.openqa.selenium.WebDriver, org.openqa.selenium.WebElement)" because "this.clb" is null]]>
            </message>
            <full-stacktrace>
              <![CDATA[java.lang.NullPointerException: Cannot invoke "com.CogmentoCRM.utills.commonlib.moveToElementAndClick(org.openqa.selenium.WebDriver, org.openqa.selenium.WebElement)" because "this.clb" is null
at com.CogmentoCRM.TestCases.companies.deleteAllCompanies.deleteAllCompaniesDetails(deleteAllCompanies.java:37)
at java.base/jdk.internal.reflect.NativeMethodAccessorImpl.invoke0(Native Method)
at java.base/jdk.internal.reflect.NativeMethodAccessorImpl.invoke(NativeMethodAccessorImpl.java:77)
at java.base/jdk.internal.reflect.DelegatingMethodAccessorImpl.invoke(DelegatingMethodAccessorImpl.java:43)
at java.base/java.lang.reflect.Method.invoke(Method.java:568)
at org.testng.internal.invokers.MethodInvocationHelper.invokeMethod(MethodInvocationHelper.java:141)
at org.testng.internal.invokers.TestInvoker.invokeMethod(TestInvoker.java:687)
at org.testng.internal.invokers.TestInvoker.retryFailed(TestInvoker.java:269)
at org.testng.internal.invokers.MethodRunner.runInSequence(MethodRunner.java:76)
at org.testng.internal.invokers.TestInvoker$MethodInvocationAgent.invoke(TestInvoker.java:995)
at org.testng.internal.invokers.TestInvoker.invokeTestMethods(TestInvoker.java:203)
at org.testng.internal.invokers.TestMethodWorker.invokeTestMethods(TestMethodWorker.java:154)
at org.testng.internal.invokers.TestMethodWorker.run(TestMethodWorker.java:134)
at java.base/java.util.ArrayList.forEach(ArrayList.java:1511)
at org.testng.TestRunner.privateRun(TestRunner.java:741)
at org.testng.TestRunner.run(TestRunner.java:616)
at org.testng.SuiteRunner.runTest(SuiteRunner.java:421)
at org.testng.SuiteRunner.runSequentially(SuiteRunner.java:413)
at org.testng.SuiteRunner.privateRun(SuiteRunner.java:373)
at org.testng.SuiteRunner.run(SuiteRunner.java:312)
at org.testng.SuiteRunnerWorker.runSuite(SuiteRunnerWorker.java:52)
at org.testng.SuiteRunnerWorker.run(SuiteRunnerWorker.java:95)
at org.testng.TestNG.runSuitesSequentially(TestNG.java:1274)
at org.testng.TestNG.runSuitesLocally(TestNG.java:1208)
at org.testng.TestNG.runSuites(TestNG.java:1112)
at org.testng.TestNG.run(TestNG.java:1079)
at org.testng.remote.AbstractRemoteTestNG.run(AbstractRemoteTestNG.java:115)
at org.testng.remote.RemoteTestNG.initAndRun(RemoteTestNG.java:293)
at org.testng.remote.RemoteTestNG.main(RemoteTestNG.java:91)
]]>
            </full-stacktrace>
          </exception> <!-- java.lang.NullPointerException -->
          <reporter-output>
          </reporter-output>
        </test-method> <!-- deleteAllCompaniesDetails -->
        <test-method is-config="true" signature="onTestFailure(org.testng.ITestResult)[pri:0, instance:com.CogmentoCRM.TestCases.companies.deleteAllCompanies@359df09a]" started-at="2026-01-14T13:15:33 IST" name="onTestFailure" finished-at="2026-01-14T13:15:33 IST" duration-ms="299" status="PASS">
          <params>
            <param index="0">
              <value>
                <![CDATA[[TestResult name=deleteAllCompaniesDetails status=FAILURE method=deleteAllCompanies.deleteAllCompaniesDetails()[pri:0, instance:com.CogmentoCRM.TestCases.companies.deleteAllCompanies@359df09a] output={null}]]]>
              </value>
            </param>
          </params>
          <reporter-output>
          </reporter-output>
        </test-method> <!-- onTestFailure -->
        <test-method is-config="true" signature="tearDownExtentReport()[pri:0, instance:com.CogmentoCRM.TestCases.companies.deleteAllCompanies@359df09a]" started-at="2026-01-14T13:15:33 IST" name="tearDownExtentReport" finished-at="2026-01-14T13:15:33 IST" duration-ms="386" status="PASS">
          <reporter-output>
          </reporter-output>
        </test-method> <!-- tearDownExtentReport -->
      </class> <!-- com.CogmentoCRM.TestCases.companies.deleteAllCompanies -->
    </test> <!-- deleteAllCompanies -->
  </suite> <!-- Suite -->
</testng-results>
