<?xml version="1.0" encoding="UTF-8"?>
<testng-results ignored="0" total="1" passed="1" failed="0" skipped="0">
  <reporter-output>
    <line>
      <![CDATA[HomepageTestmethod passed]]>
    </line>
  </reporter-output>
  <suite started-at="2025-06-16T10:43:32 IST" name="Suite" finished-at="2025-06-16T10:43:46 IST" duration-ms="13686">
    <groups>
    </groups>
    <test started-at="2025-06-16T10:43:32 IST" name="HomePageTestchrome" finished-at="2025-06-16T10:43:46 IST" duration-ms="13686">
      <class name="TestCases.HomePageTest">
        <test-method is-config="true" signature="extentReportMethod()[pri:0, instance:TestCases.HomePageTest@a38c7fe]" started-at="2025-06-16T10:43:32 IST" name="extentReportMethod" finished-at="2025-06-16T10:43:32 IST" duration-ms="485" status="PASS">
          <reporter-output>
          </reporter-output>
        </test-method> <!-- extentReportMethod -->
        <test-method is-config="true" signature="initialization(java.lang.String,java.lang.reflect.Method)[pri:0, instance:TestCases.HomePageTest@a38c7fe]" started-at="2025-06-16T10:43:32 IST" name="initialization" finished-at="2025-06-16T10:43:39 IST" duration-ms="6456" status="PASS">
          <params>
            <param index="0">
              <value>
                <![CDATA[chrome]]>
              </value>
            </param>
            <param index="1">
              <value>
                <![CDATA[public void TestCases.HomePageTest.HomepageTest() throws java.lang.Throwable]]>
              </value>
            </param>
          </params>
          <reporter-output>
          </reporter-output>
        </test-method> <!-- initialization -->
        <test-method signature="HomepageTest()[pri:0, instance:TestCases.HomePageTest@a38c7fe]" started-at="2025-06-16T10:43:39 IST" name="HomepageTest" finished-at="2025-06-16T10:43:45 IST" duration-ms="5753" status="PASS">
          <reporter-output>
            <line>
              <![CDATA[HomepageTestmethod passed]]>
            </line>
          </reporter-output>
        </test-method> <!-- HomepageTest -->
        <test-method is-config="true" signature="onTestFailure(org.testng.ITestResult)[pri:0, instance:TestCases.HomePageTest@a38c7fe]" started-at="2025-06-16T10:43:45 IST" name="onTestFailure" finished-at="2025-06-16T10:43:45 IST" duration-ms="304" status="PASS">
          <params>
            <param index="0">
              <value>
                <![CDATA[[TestResult name=HomepageTest status=SUCCESS method=HomePageTest.HomepageTest()[pri:0, instance:TestCases.HomePageTest@a38c7fe] output=HomepageTestmethod passed]]]>
              </value>
            </param>
          </params>
          <reporter-output>
          </reporter-output>
        </test-method> <!-- onTestFailure -->
        <test-method is-config="true" signature="onFinish(org.testng.ITestContext)[pri:0, instance:TestCases.HomePageTest@a38c7fe]" started-at="2025-06-16T10:43:45 IST" name="onFinish" finished-at="2025-06-16T10:43:46 IST" duration-ms="462" status="PASS">
          <params>
            <param index="0">
              <value>
                <![CDATA[org.testng.TestRunner@43e065f2]]>
              </value>
            </param>
          </params>
          <reporter-output>
          </reporter-output>
        </test-method> <!-- onFinish -->
      </class> <!-- TestCases.HomePageTest -->
    </test> <!-- HomePageTestchrome -->
  </suite> <!-- Suite -->
</testng-results>
