<?xml version="1.0" encoding="UTF-8"?>
<testng-results ignored="0" total="1" passed="1" failed="0" skipped="0">
  <reporter-output>
    <line>
      <![CDATA[HomepageTestmethod passed]]>
    </line>
  </reporter-output>
  <suite started-at="2026-01-13T02:05:14 IST" name="Suite" finished-at="2026-01-13T02:05:30 IST" duration-ms="16270">
    <groups>
    </groups>
    <test started-at="2026-01-13T02:05:14 IST" name="HomePageTestchrome" finished-at="2026-01-13T02:05:30 IST" duration-ms="16270">
      <class name="com.CogmentoCRM.TestCases.HomePageTest">
        <test-method is-config="true" signature="extentReportMethod()[pri:0, instance:com.CogmentoCRM.TestCases.HomePageTest@359df09a]" started-at="2026-01-13T02:05:14 IST" name="extentReportMethod" finished-at="2026-01-13T02:05:15 IST" duration-ms="583" status="PASS">
          <reporter-output>
          </reporter-output>
        </test-method> <!-- extentReportMethod -->
        <test-method is-config="true" signature="initialization(java.lang.String,java.lang.reflect.Method)[pri:0, instance:com.CogmentoCRM.TestCases.HomePageTest@359df09a]" started-at="2026-01-13T02:05:15 IST" name="initialization" finished-at="2026-01-13T02:05:22 IST" duration-ms="7717" status="PASS">
          <params>
            <param index="0">
              <value>
                <![CDATA[chrome]]>
              </value>
            </param>
            <param index="1">
              <value>
                <![CDATA[public void com.CogmentoCRM.TestCases.HomePageTest.HomepageTest() throws java.lang.Throwable]]>
              </value>
            </param>
          </params>
          <reporter-output>
          </reporter-output>
        </test-method> <!-- initialization -->
        <test-method signature="HomepageTest()[pri:0, instance:com.CogmentoCRM.TestCases.HomePageTest@359df09a]" started-at="2026-01-13T02:05:22 IST" name="HomepageTest" finished-at="2026-01-13T02:05:29 IST" duration-ms="7177" status="PASS">
          <reporter-output>
            <line>
              <![CDATA[HomepageTestmethod passed]]>
            </line>
          </reporter-output>
        </test-method> <!-- HomepageTest -->
        <test-method is-config="true" signature="onTestFailure(org.testng.ITestResult)[pri:0, instance:com.CogmentoCRM.TestCases.HomePageTest@359df09a]" started-at="2026-01-13T02:05:30 IST" name="onTestFailure" finished-at="2026-01-13T02:05:30 IST" duration-ms="508" status="PASS">
          <params>
            <param index="0">
              <value>
                <![CDATA[[TestResult name=HomepageTest status=SUCCESS method=HomePageTest.HomepageTest()[pri:0, instance:com.CogmentoCRM.TestCases.HomePageTest@359df09a] output=HomepageTestmethod passed]]]>
              </value>
            </param>
          </params>
          <reporter-output>
          </reporter-output>
        </test-method> <!-- onTestFailure -->
        <test-method is-config="true" signature="tearDownExtentReport()[pri:0, instance:com.CogmentoCRM.TestCases.HomePageTest@359df09a]" started-at="2026-01-13T02:05:30 IST" name="tearDownExtentReport" finished-at="2026-01-13T02:05:31 IST" duration-ms="631" status="PASS">
          <reporter-output>
          </reporter-output>
        </test-method> <!-- tearDownExtentReport -->
      </class> <!-- com.CogmentoCRM.TestCases.HomePageTest -->
    </test> <!-- HomePageTestchrome -->
  </suite> <!-- Suite -->
</testng-results>
