<?xml version="1.0" encoding="UTF-8"?>
<testng-results ignored="0" total="1" passed="1" failed="0" skipped="0">
  <reporter-output>
    <line>
      <![CDATA[deleteAllCompaniesDetailsmethod passed]]>
    </line>
  </reporter-output>
  <suite started-at="2026-01-17T02:13:22 IST" name="Suite" finished-at="2026-01-17T02:14:16 IST" duration-ms="53767">
    <groups>
    </groups>
    <test started-at="2026-01-17T02:13:22 IST" name="deleteAllCompanies" finished-at="2026-01-17T02:14:16 IST" duration-ms="53767">
      <class name="com.CogmentoCRM.TestCases.companies.deleteAllCompanies">
        <test-method is-config="true" signature="extentReportMethod()[pri:0, instance:com.CogmentoCRM.TestCases.companies.deleteAllCompanies@359df09a]" started-at="2026-01-17T02:13:22 IST" name="extentReportMethod" finished-at="2026-01-17T02:13:23 IST" duration-ms="701" status="PASS">
          <reporter-output>
          </reporter-output>
        </test-method> <!-- extentReportMethod -->
        <test-method is-config="true" signature="initialization(java.lang.String,java.lang.reflect.Method)[pri:0, instance:com.CogmentoCRM.TestCases.companies.deleteAllCompanies@359df09a]" started-at="2026-01-17T02:13:23 IST" name="initialization" finished-at="2026-01-17T02:13:33 IST" duration-ms="10683" status="PASS">
          <params>
            <param index="0">
              <value>
                <![CDATA[chrome]]>
              </value>
            </param>
            <param index="1">
              <value>
                <![CDATA[public void com.CogmentoCRM.TestCases.companies.deleteAllCompanies.deleteAllCompaniesDetails() throws java.lang.Throwable]]>
              </value>
            </param>
          </params>
          <reporter-output>
          </reporter-output>
        </test-method> <!-- initialization -->
        <test-method signature="deleteAllCompaniesDetails()[pri:0, instance:com.CogmentoCRM.TestCases.companies.deleteAllCompanies@359df09a]" started-at="2026-01-17T02:13:33 IST" name="deleteAllCompaniesDetails" finished-at="2026-01-17T02:14:15 IST" duration-ms="41271" status="PASS">
          <reporter-output>
            <line>
              <![CDATA[deleteAllCompaniesDetailsmethod passed]]>
            </line>
          </reporter-output>
        </test-method> <!-- deleteAllCompaniesDetails -->
        <test-method is-config="true" signature="onTestFailure(org.testng.ITestResult)[pri:0, instance:com.CogmentoCRM.TestCases.companies.deleteAllCompanies@359df09a]" started-at="2026-01-17T02:14:15 IST" name="onTestFailure" finished-at="2026-01-17T02:14:16 IST" duration-ms="705" status="PASS">
          <params>
            <param index="0">
              <value>
                <![CDATA[[TestResult name=deleteAllCompaniesDetails status=SUCCESS method=deleteAllCompanies.deleteAllCompaniesDetails()[pri:0, instance:com.CogmentoCRM.TestCases.companies.deleteAllCompanies@359df09a] output=deleteAllCompaniesDetailsmethod passed]]]>
              </value>
            </param>
          </params>
          <reporter-output>
          </reporter-output>
        </test-method> <!-- onTestFailure -->
        <test-method is-config="true" signature="tearDownExtentReport()[pri:0, instance:com.CogmentoCRM.TestCases.companies.deleteAllCompanies@359df09a]" started-at="2026-01-17T02:14:16 IST" name="tearDownExtentReport" finished-at="2026-01-17T02:14:17 IST" duration-ms="944" status="PASS">
          <reporter-output>
          </reporter-output>
        </test-method> <!-- tearDownExtentReport -->
      </class> <!-- com.CogmentoCRM.TestCases.companies.deleteAllCompanies -->
    </test> <!-- deleteAllCompanies -->
  </suite> <!-- Suite -->
</testng-results>
