<?xml version="1.0" encoding="UTF-8"?>
<!-- Generated by org.testng.reporters.JUnitReportReporter -->
<testsuite hostname="LAPTOP-P8997V13" failures="0" tests="1" name="com.CogmentoCRM.TestCases.HomePageTest" time="15.402" errors="0" timestamp="2026-01-13T02:05:31 IST" skipped="0">
  <testcase classname="com.CogmentoCRM.TestCases.HomePageTest" name="HomepageTest" time="15.402">
    <system-out>
      <![CDATA[HomepageTestmethod passed]]>
    </system-out>
  </testcase> <!-- HomepageTest -->
  <system-out>
    <![CDATA[HomepageTestmethod passed]]>
  </system-out>
</testsuite> <!-- com.CogmentoCRM.TestCases.HomePageTest -->
