<?xml version="1.0" encoding="UTF-8"?>
<!-- Generated by org.testng.reporters.JUnitReportReporter -->
<testsuite hostname="LAPTOP-P8997V13" failures="0" tests="1" name="com.CogmentoCRM.TestCases.LoginTest" time="8.294" errors="0" timestamp="2026-01-13T01:06:25 IST" skipped="0">
  <testcase classname="com.CogmentoCRM.TestCases.LoginTest" name="loginTestCase" time="8.294">
    <system-out>
      <![CDATA[loginTestCasemethod passed]]>
    </system-out>
  </testcase> <!-- loginTestCase -->
  <system-out>
    <![CDATA[loginTestCasemethod passed]]>
  </system-out>
</testsuite> <!-- com.CogmentoCRM.TestCases.LoginTest -->
