<?xml version="1.0" encoding="UTF-8"?>
<!-- Generated by org.testng.reporters.JUnitReportReporter -->
<testsuite hostname="LAPTOP-P8997V13" failures="0" tests="1" name="com.CogmentoCRM.TestCases.companies.deleteAllCompanies" time="52.659" errors="0" timestamp="2026-01-17T02:14:17 IST" skipped="0">
  <testcase classname="com.CogmentoCRM.TestCases.companies.deleteAllCompanies" name="deleteAllCompaniesDetails" time="52.659">
    <system-out>
      <![CDATA[deleteAllCompaniesDetailsmethod passed]]>
    </system-out>
  </testcase> <!-- deleteAllCompaniesDetails -->
  <system-out>
    <![CDATA[deleteAllCompaniesDetailsmethod passed]]>
  </system-out>
</testsuite> <!-- com.CogmentoCRM.TestCases.companies.deleteAllCompanies -->
